<?xml version="1.0" encoding="UTF-8"?>
<!-- Generated by org.testng.reporters.JUnitXMLReporter -->
<testsuite hostname="DESKTOP-NQVH91B" ignored="1" name="Default test" tests="1" failures="0" timestamp="29 Nov 2017 04:01:55 GMT" time="3.764" errors="0">
  <testcase name="rest" time="3.712" classname="com.selenium.WebService.AssuredRestClient"/>
  <testcase name="soap" time="0.0" classname="com.selenium.WebService.AssuredRestClient">
    <ignored/>
  </testcase> <!-- soap -->
</testsuite> <!-- Default test -->
