<?xml version="1.0" encoding="UTF-8"?>
<!-- Generated by org.testng.reporters.JUnitXMLReporter -->
<testsuite hostname="DESKTOP-NQVH91B" ignored="1" name="Default test" tests="1" failures="0" timestamp="27 Nov 2017 02:22:41 GMT" time="2.649" errors="0">
  <testcase name="soap" time="2.62" classname="com.selenium.WebService.AssuredRestClient"/>
  <testcase name="rest" time="0.0" classname="com.selenium.WebService.AssuredRestClient">
    <ignored/>
  </testcase> <!-- rest -->
</testsuite> <!-- Default test -->
