<?xml version="1.0" encoding="UTF-8"?>
<testng-results skipped="0" failed="0" ignored="1" total="2" passed="1">
  <reporter-output>
  </reporter-output>
  <suite name="Default suite" duration-ms="3764" started-at="2017-11-29T04:01:51Z" finished-at="2017-11-29T04:01:54Z">
    <groups>
    </groups>
    <test name="Default test" duration-ms="3764" started-at="2017-11-29T04:01:51Z" finished-at="2017-11-29T04:01:54Z">
      <class name="com.selenium.WebService.AssuredRestClient">
        <test-method status="PASS" signature="rest()[pri:0, instance:com.selenium.WebService.AssuredRestClient@42d80b78]" name="rest" duration-ms="3712" started-at="2017-11-29T09:31:51Z" finished-at="2017-11-29T09:31:54Z">
          <reporter-output>
          </reporter-output>
        </test-method> <!-- rest -->
      </class> <!-- com.selenium.WebService.AssuredRestClient -->
    </test> <!-- Default test -->
  </suite> <!-- Default suite -->
</testng-results>
